{"/Users/matthewb/Documents/GitHub/full-stack-open/part11/full-stack-open-pokedex/src/App.jsx": {"path":"/Users/matthewb/Documents/GitHub/full-stack-open/part11/full-stack-open-pokedex/src/App.jsx","statementMap":{"0":{"start":{"line":9,"column":19},"end":{"line":14,"column":5}},"1":{"start":{"line":10,"column":2},"end":{"line":14,"column":5}},"2":{"start":{"line":10,"column":34},"end":{"line":14,"column":3}},"3":{"start":{"line":16,"column":12},"end":{"line":62,"column":1}},"4":{"start":{"line":17,"column":16},"end":{"line":17,"column":42}},"5":{"start":{"line":22,"column":6},"end":{"line":22,"column":71}},"6":{"start":{"line":24,"column":2},"end":{"line":26,"column":3}},"7":{"start":{"line":25,"column":4},"end":{"line":25,"column":29}},"8":{"start":{"line":27,"column":2},"end":{"line":29,"column":3}},"9":{"start":{"line":28,"column":4},"end":{"line":28,"column":41}},"10":{"start":{"line":31,"column":13},"end":{"line":31,"column":17}},"11":{"start":{"line":32,"column":17},"end":{"line":32,"column":21}},"12":{"start":{"line":34,"column":2},"end":{"line":40,"column":3}},"13":{"start":{"line":35,"column":22},"end":{"line":37,"column":8}},"14":{"start":{"line":36,"column":20},"end":{"line":36,"column":46}},"15":{"start":{"line":38,"column":4},"end":{"line":38,"column":65}},"16":{"start":{"line":38,"column":44},"end":{"line":38,"column":64}},"17":{"start":{"line":39,"column":4},"end":{"line":39,"column":61}},"18":{"start":{"line":39,"column":40},"end":{"line":39,"column":60}},"19":{"start":{"line":42,"column":2},"end":{"line":61,"column":3}}},"fnMap":{"0":{"name":"(anonymous_0)","decl":{"start":{"line":9,"column":19},"end":{"line":9,"column":20}},"loc":{"start":{"line":10,"column":2},"end":{"line":14,"column":5}},"line":10},"1":{"name":"(anonymous_1)","decl":{"start":{"line":10,"column":14},"end":{"line":10,"column":15}},"loc":{"start":{"line":10,"column":34},"end":{"line":14,"column":3}},"line":10},"2":{"name":"(anonymous_2)","decl":{"start":{"line":16,"column":12},"end":{"line":16,"column":13}},"loc":{"start":{"line":16,"column":18},"end":{"line":62,"column":1}},"line":16},"3":{"name":"(anonymous_3)","decl":{"start":{"line":36,"column":6},"end":{"line":36,"column":7}},"loc":{"start":{"line":36,"column":20},"end":{"line":36,"column":46}},"line":36},"4":{"name":"(anonymous_4)","decl":{"start":{"line":38,"column":32},"end":{"line":38,"column":33}},"loc":{"start":{"line":38,"column":44},"end":{"line":38,"column":64}},"line":38},"5":{"name":"(anonymous_5)","decl":{"start":{"line":39,"column":28},"end":{"line":39,"column":29}},"loc":{"start":{"line":39,"column":40},"end":{"line":39,"column":60}},"line":39}},"branchMap":{"0":{"loc":{"start":{"line":24,"column":2},"end":{"line":26,"column":3}},"type":"if","locations":[{"start":{"line":24,"column":2},"end":{"line":26,"column":3}},{"start":{},"end":{}}],"line":24},"1":{"loc":{"start":{"line":27,"column":2},"end":{"line":29,"column":3}},"type":"if","locations":[{"start":{"line":27,"column":2},"end":{"line":29,"column":3}},{"start":{},"end":{}}],"line":27},"2":{"loc":{"start":{"line":34,"column":2},"end":{"line":40,"column":3}},"type":"if","locations":[{"start":{"line":34,"column":2},"end":{"line":40,"column":3}},{"start":{},"end":{}}],"line":34},"3":{"loc":{"start":{"line":34,"column":6},"end":{"line":34,"column":27}},"type":"binary-expr","locations":[{"start":{"line":34,"column":6},"end":{"line":34,"column":11}},{"start":{"line":34,"column":15},"end":{"line":34,"column":27}}],"line":34}},"s":{"0":1,"1":1,"2":1,"3":1,"4":4,"5":4,"6":4,"7":2,"8":2,"9":1,"10":1,"11":1,"12":1,"13":0,"14":0,"15":0,"16":0,"17":0,"18":0,"19":1},"f":{"0":1,"1":1,"2":4,"3":0,"4":0,"5":0},"b":{"0":[2,2],"1":[1,1],"2":[0,1],"3":[1,0]},"_coverageSchema":"1a1c01bbd47fc00a2c39e90264f33305004495a9","hash":"4d79798d8ffbedd1392dfc0d59b3d98c3516f1b4"}
,"/Users/matthewb/Documents/GitHub/full-stack-open/part11/full-stack-open-pokedex/src/ErrorMessage.jsx": {"path":"/Users/matthewb/Documents/GitHub/full-stack-open/part11/full-stack-open-pokedex/src/ErrorMessage.jsx","statementMap":{"0":{"start":{"line":3,"column":21},"end":{"line":5,"column":1}},"1":{"start":{"line":4,"column":2},"end":{"line":4,"column":69}}},"fnMap":{"0":{"name":"(anonymous_0)","decl":{"start":{"line":3,"column":21},"end":{"line":3,"column":22}},"loc":{"start":{"line":4,"column":2},"end":{"line":4,"column":69}},"line":4}},"branchMap":{},"s":{"0":2,"1":1},"f":{"0":1},"b":{},"_coverageSchema":"1a1c01bbd47fc00a2c39e90264f33305004495a9","hash":"139decf1b371edd2a5c36872118d661064ab4b18"}
,"/Users/matthewb/Documents/GitHub/full-stack-open/part11/full-stack-open-pokedex/src/LoadingSpinner.jsx": {"path":"/Users/matthewb/Documents/GitHub/full-stack-open/part11/full-stack-open-pokedex/src/LoadingSpinner.jsx","statementMap":{"0":{"start":{"line":3,"column":23},"end":{"line":5,"column":1}},"1":{"start":{"line":4,"column":2},"end":{"line":4,"column":145}}},"fnMap":{"0":{"name":"(anonymous_0)","decl":{"start":{"line":3,"column":23},"end":{"line":3,"column":24}},"loc":{"start":{"line":4,"column":2},"end":{"line":4,"column":145}},"line":4}},"branchMap":{},"s":{"0":2,"1":6},"f":{"0":6},"b":{},"_coverageSchema":"1a1c01bbd47fc00a2c39e90264f33305004495a9","hash":"798c9e2d0a70195b65624abd3b425ede0be6ad78"}
,"/Users/matthewb/Documents/GitHub/full-stack-open/part11/full-stack-open-pokedex/src/PokemonAbility.jsx": {"path":"/Users/matthewb/Documents/GitHub/full-stack-open/part11/full-stack-open-pokedex/src/PokemonAbility.jsx","statementMap":{"0":{"start":{"line":3,"column":23},"end":{"line":10,"column":1}},"1":{"start":{"line":4,"column":2},"end":{"line":9,"column":8}}},"fnMap":{"0":{"name":"(anonymous_0)","decl":{"start":{"line":3,"column":23},"end":{"line":3,"column":24}},"loc":{"start":{"line":4,"column":2},"end":{"line":9,"column":8}},"line":4}},"branchMap":{},"s":{"0":2,"1":8},"f":{"0":8},"b":{},"_coverageSchema":"1a1c01bbd47fc00a2c39e90264f33305004495a9","hash":"571c20329eb2c549c286455471e83a6dbd1a756d"}
,"/Users/matthewb/Documents/GitHub/full-stack-open/part11/full-stack-open-pokedex/src/PokemonList.jsx": {"path":"/Users/matthewb/Documents/GitHub/full-stack-open/part11/full-stack-open-pokedex/src/PokemonList.jsx","statementMap":{"0":{"start":{"line":4,"column":20},"end":{"line":18,"column":1}},"1":{"start":{"line":5,"column":2},"end":{"line":17,"column":3}},"2":{"start":{"line":8,"column":8},"end":{"line":14,"column":15}}},"fnMap":{"0":{"name":"(anonymous_0)","decl":{"start":{"line":4,"column":20},"end":{"line":4,"column":21}},"loc":{"start":{"line":4,"column":41},"end":{"line":18,"column":1}},"line":4},"1":{"name":"(anonymous_1)","decl":{"start":{"line":7,"column":23},"end":{"line":7,"column":24}},"loc":{"start":{"line":8,"column":8},"end":{"line":14,"column":15}},"line":8}},"branchMap":{},"s":{"0":2,"1":2,"2":3},"f":{"0":2,"1":3},"b":{},"_coverageSchema":"1a1c01bbd47fc00a2c39e90264f33305004495a9","hash":"d58f335c2a19790e8545f0a0b42e6b7ed32cbbf6"}
,"/Users/matthewb/Documents/GitHub/full-stack-open/part11/full-stack-open-pokedex/src/PokemonPage.jsx": {"path":"/Users/matthewb/Documents/GitHub/full-stack-open/part11/full-stack-open-pokedex/src/PokemonPage.jsx","statementMap":{"0":{"start":{"line":8,"column":19},"end":{"line":8,"column":67}},"1":{"start":{"line":8,"column":37},"end":{"line":8,"column":67}},"2":{"start":{"line":10,"column":20},"end":{"line":81,"column":1}},"3":{"start":{"line":11,"column":19},"end":{"line":11,"column":30}},"4":{"start":{"line":16,"column":6},"end":{"line":16,"column":57}},"5":{"start":{"line":18,"column":2},"end":{"line":20,"column":3}},"6":{"start":{"line":19,"column":4},"end":{"line":19,"column":29}},"7":{"start":{"line":21,"column":2},"end":{"line":23,"column":3}},"8":{"start":{"line":22,"column":4},"end":{"line":22,"column":41}},"9":{"start":{"line":25,"column":19},"end":{"line":25,"column":64}},"10":{"start":{"line":25,"column":48},"end":{"line":25,"column":63}},"11":{"start":{"line":26,"column":16},"end":{"line":31,"column":14}},"12":{"start":{"line":27,"column":20},"end":{"line":30,"column":5}},"13":{"start":{"line":32,"column":24},"end":{"line":32,"column":79}},"14":{"start":{"line":32,"column":60},"end":{"line":32,"column":78}},"15":{"start":{"line":33,"column":24},"end":{"line":35,"column":3}},"16":{"start":{"line":34,"column":17},"end":{"line":34,"column":43}},"17":{"start":{"line":38,"column":2},"end":{"line":38,"column":46}},"18":{"start":{"line":39,"column":2},"end":{"line":80,"column":3}},"19":{"start":{"line":57,"column":18},"end":{"line":60,"column":23}}},"fnMap":{"0":{"name":"(anonymous_0)","decl":{"start":{"line":8,"column":19},"end":{"line":8,"column":20}},"loc":{"start":{"line":8,"column":37},"end":{"line":8,"column":67}},"line":8},"1":{"name":"(anonymous_1)","decl":{"start":{"line":10,"column":20},"end":{"line":10,"column":21}},"loc":{"start":{"line":10,"column":44},"end":{"line":81,"column":1}},"line":10},"2":{"name":"(anonymous_2)","decl":{"start":{"line":25,"column":38},"end":{"line":25,"column":39}},"loc":{"start":{"line":25,"column":48},"end":{"line":25,"column":63}},"line":25},"3":{"name":"(anonymous_3)","decl":{"start":{"line":27,"column":9},"end":{"line":27,"column":10}},"loc":{"start":{"line":27,"column":20},"end":{"line":30,"column":5}},"line":27},"4":{"name":"(anonymous_4)","decl":{"start":{"line":32,"column":47},"end":{"line":32,"column":48}},"loc":{"start":{"line":32,"column":60},"end":{"line":32,"column":78}},"line":32},"5":{"name":"(anonymous_5)","decl":{"start":{"line":34,"column":4},"end":{"line":34,"column":5}},"loc":{"start":{"line":34,"column":17},"end":{"line":34,"column":43}},"line":34},"6":{"name":"(anonymous_6)","decl":{"start":{"line":56,"column":27},"end":{"line":56,"column":28}},"loc":{"start":{"line":57,"column":18},"end":{"line":60,"column":23}},"line":57}},"branchMap":{"0":{"loc":{"start":{"line":18,"column":2},"end":{"line":20,"column":3}},"type":"if","locations":[{"start":{"line":18,"column":2},"end":{"line":20,"column":3}},{"start":{},"end":{}}],"line":18},"1":{"loc":{"start":{"line":21,"column":2},"end":{"line":23,"column":3}},"type":"if","locations":[{"start":{"line":21,"column":2},"end":{"line":23,"column":3}},{"start":{},"end":{}}],"line":21},"2":{"loc":{"start":{"line":42,"column":9},"end":{"line":42,"column":75}},"type":"binary-expr","locations":[{"start":{"line":42,"column":9},"end":{"line":42,"column":17}},{"start":{"line":42,"column":21},"end":{"line":42,"column":75}}],"line":42},"3":{"loc":{"start":{"line":44,"column":9},"end":{"line":44,"column":63}},"type":"binary-expr","locations":[{"start":{"line":44,"column":9},"end":{"line":44,"column":13}},{"start":{"line":44,"column":17},"end":{"line":44,"column":63}}],"line":44},"4":{"loc":{"start":{"line":66,"column":13},"end":{"line":70,"column":13}},"type":"binary-expr","locations":[{"start":{"line":66,"column":13},"end":{"line":66,"column":26}},{"start":{"line":67,"column":14},"end":{"line":69,"column":16}}],"line":66},"5":{"loc":{"start":{"line":71,"column":13},"end":{"line":75,"column":13}},"type":"binary-expr","locations":[{"start":{"line":71,"column":13},"end":{"line":71,"column":26}},{"start":{"line":72,"column":14},"end":{"line":74,"column":16}}],"line":71}},"s":{"0":2,"1":16,"2":2,"3":8,"4":8,"5":8,"6":4,"7":4,"8":0,"9":4,"10":4,"11":4,"12":8,"13":4,"14":8,"15":4,"16":4,"17":4,"18":4,"19":8},"f":{"0":16,"1":8,"2":4,"3":8,"4":8,"5":4,"6":8},"b":{"0":[4,4],"1":[0,4],"2":[4,1],"3":[4,1],"4":[4,4],"5":[4,4]},"_coverageSchema":"1a1c01bbd47fc00a2c39e90264f33305004495a9","hash":"c3c07128d42febb29cbc52b51934be07d81ba2f9"}
,"/Users/matthewb/Documents/GitHub/full-stack-open/part11/full-stack-open-pokedex/src/useApi.js": {"path":"/Users/matthewb/Documents/GitHub/full-stack-open/part11/full-stack-open-pokedex/src/useApi.js","statementMap":{"0":{"start":{"line":4,"column":15},"end":{"line":18,"column":1}},"1":{"start":{"line":4,"column":46},"end":{"line":4,"column":52}},"2":{"start":{"line":5,"column":26},"end":{"line":5,"column":36}},"3":{"start":{"line":6,"column":36},"end":{"line":6,"column":50}},"4":{"start":{"line":7,"column":28},"end":{"line":7,"column":38}},"5":{"start":{"line":8,"column":2},"end":{"line":15,"column":11}},"6":{"start":{"line":9,"column":4},"end":{"line":9,"column":22}},"7":{"start":{"line":10,"column":4},"end":{"line":14,"column":41}},"8":{"start":{"line":12,"column":24},"end":{"line":12,"column":58}},"9":{"start":{"line":14,"column":21},"end":{"line":14,"column":40}},"10":{"start":{"line":17,"column":2},"end":{"line":17,"column":35}}},"fnMap":{"0":{"name":"(anonymous_0)","decl":{"start":{"line":4,"column":15},"end":{"line":4,"column":16}},"loc":{"start":{"line":4,"column":57},"end":{"line":18,"column":1}},"line":4},"1":{"name":"(anonymous_1)","decl":{"start":{"line":4,"column":34},"end":{"line":4,"column":35}},"loc":{"start":{"line":4,"column":46},"end":{"line":4,"column":52}},"line":4},"2":{"name":"(anonymous_2)","decl":{"start":{"line":8,"column":12},"end":{"line":8,"column":13}},"loc":{"start":{"line":8,"column":18},"end":{"line":15,"column":3}},"line":8},"3":{"name":"(anonymous_3)","decl":{"start":{"line":12,"column":12},"end":{"line":12,"column":13}},"loc":{"start":{"line":12,"column":24},"end":{"line":12,"column":58}},"line":12},"4":{"name":"(anonymous_4)","decl":{"start":{"line":14,"column":15},"end":{"line":14,"column":16}},"loc":{"start":{"line":14,"column":21},"end":{"line":14,"column":40}},"line":14}},"branchMap":{"0":{"loc":{"start":{"line":4,"column":21},"end":{"line":4,"column":52}},"type":"default-arg","locations":[{"start":{"line":4,"column":34},"end":{"line":4,"column":52}}],"line":4}},"s":{"0":2,"1":4,"2":12,"3":12,"4":12,"5":12,"6":6,"7":6,"8":5,"9":6,"10":12},"f":{"0":12,"1":4,"2":6,"3":5,"4":6},"b":{"0":[8]},"_coverageSchema":"1a1c01bbd47fc00a2c39e90264f33305004495a9","hash":"bf60bd873446257e79adf657ba57d1811529d443"}
}
