TN:
SF:src/App.jsx
FN:9,(anonymous_0)
FN:10,(anonymous_1)
FN:16,(anonymous_2)
FN:36,(anonymous_3)
FN:38,(anonymous_4)
FN:39,(anonymous_5)
FNF:6
FNH:3
FNDA:1,(anonymous_0)
FNDA:1,(anonymous_1)
FNDA:4,(anonymous_2)
FNDA:0,(anonymous_3)
FNDA:0,(anonymous_4)
FNDA:0,(anonymous_5)
DA:9,1
DA:10,1
DA:16,1
DA:17,4
DA:22,4
DA:24,4
DA:25,2
DA:27,2
DA:28,1
DA:31,1
DA:32,1
DA:34,1
DA:35,0
DA:36,0
DA:38,0
DA:39,0
DA:42,1
LF:17
LH:13
BRDA:24,0,0,2
BRDA:24,0,1,2
BRDA:27,1,0,1
BRDA:27,1,1,1
BRDA:34,2,0,0
BRDA:34,2,1,1
BRDA:34,3,0,1
BRDA:34,3,1,0
BRF:8
BRH:6
end_of_record
TN:
SF:src/ErrorMessage.jsx
FN:3,(anonymous_0)
FNF:1
FNH:1
FNDA:1,(anonymous_0)
DA:3,2
DA:4,1
LF:2
LH:2
BRF:0
BRH:0
end_of_record
TN:
SF:src/LoadingSpinner.jsx
FN:3,(anonymous_0)
FNF:1
FNH:1
FNDA:6,(anonymous_0)
DA:3,2
DA:4,6
LF:2
LH:2
BRF:0
BRH:0
end_of_record
TN:
SF:src/PokemonAbility.jsx
FN:3,(anonymous_0)
FNF:1
FNH:1
FNDA:8,(anonymous_0)
DA:3,2
DA:4,8
LF:2
LH:2
BRF:0
BRH:0
end_of_record
TN:
SF:src/PokemonList.jsx
FN:4,(anonymous_0)
FN:7,(anonymous_1)
FNF:2
FNH:2
FNDA:2,(anonymous_0)
FNDA:3,(anonymous_1)
DA:4,2
DA:5,2
DA:8,3
LF:3
LH:3
BRF:0
BRH:0
end_of_record
TN:
SF:src/PokemonPage.jsx
FN:8,(anonymous_0)
FN:10,(anonymous_1)
FN:25,(anonymous_2)
FN:27,(anonymous_3)
FN:32,(anonymous_4)
FN:34,(anonymous_5)
FN:56,(anonymous_6)
FNF:7
FNH:7
FNDA:16,(anonymous_0)
FNDA:8,(anonymous_1)
FNDA:4,(anonymous_2)
FNDA:8,(anonymous_3)
FNDA:8,(anonymous_4)
FNDA:4,(anonymous_5)
FNDA:8,(anonymous_6)
DA:8,16
DA:10,2
DA:11,8
DA:16,8
DA:18,8
DA:19,4
DA:21,4
DA:22,0
DA:25,4
DA:26,4
DA:27,8
DA:32,8
DA:33,4
DA:34,4
DA:38,4
DA:39,4
DA:57,8
LF:17
LH:16
BRDA:18,0,0,4
BRDA:18,0,1,4
BRDA:21,1,0,0
BRDA:21,1,1,4
BRDA:42,2,0,4
BRDA:42,2,1,1
BRDA:44,3,0,4
BRDA:44,3,1,1
BRDA:66,4,0,4
BRDA:66,4,1,4
BRDA:71,5,0,4
BRDA:71,5,1,4
BRF:12
BRH:11
end_of_record
TN:
SF:src/useApi.js
FN:4,(anonymous_0)
FN:4,(anonymous_1)
FN:8,(anonymous_2)
FN:12,(anonymous_3)
FN:14,(anonymous_4)
FNF:5
FNH:5
FNDA:12,(anonymous_0)
FNDA:4,(anonymous_1)
FNDA:6,(anonymous_2)
FNDA:5,(anonymous_3)
FNDA:6,(anonymous_4)
DA:4,4
DA:5,12
DA:6,12
DA:7,12
DA:8,12
DA:9,6
DA:10,6
DA:12,5
DA:14,6
DA:17,12
LF:10
LH:10
BRDA:4,0,0,8
BRF:1
BRH:1
end_of_record
